<?xml version="1.0" encoding="UTF-8"?>
<testsuites name="jest tests" tests="235" failures="0" errors="0" time="33.965">
  <testsuite name="Cart Store" errors="0" failures="0" skipped="0" timestamp="2026-07-03T10:47:43" time="6.628" tests="18">
    <testcase classname="Cart Store addItem should add a new item to the cart" name="Cart Store addItem should add a new item to the cart" time="0.034">
    </testcase>
    <testcase classname="Cart Store addItem should increment quantity for existing item" name="Cart Store addItem should increment quantity for existing item" time="0.007">
    </testcase>
    <testcase classname="Cart Store addItem should not exceed stock limit" name="Cart Store addItem should not exceed stock limit" time="0.001">
    </testcase>
    <testcase classname="Cart Store addItem should add multiple different items" name="Cart Store addItem should add multiple different items" time="0.004">
    </testcase>
    <testcase classname="Cart Store removeItem should remove an item from the cart" name="Cart Store removeItem should remove an item from the cart" time="0.003">
    </testcase>
    <testcase classname="Cart Store removeItem should not affect other items when removing" name="Cart Store removeItem should not affect other items when removing" time="0.003">
    </testcase>
    <testcase classname="Cart Store updateQuantity should update quantity of an item" name="Cart Store updateQuantity should update quantity of an item" time="0.005">
    </testcase>
    <testcase classname="Cart Store updateQuantity should remove item when quantity is 0" name="Cart Store updateQuantity should remove item when quantity is 0" time="0.005">
    </testcase>
    <testcase classname="Cart Store updateQuantity should remove item when quantity is negative" name="Cart Store updateQuantity should remove item when quantity is negative" time="0.004">
    </testcase>
    <testcase classname="Cart Store updateQuantity should cap quantity at stock limit" name="Cart Store updateQuantity should cap quantity at stock limit" time="0.002">
    </testcase>
    <testcase classname="Cart Store clearCart should clear all items" name="Cart Store clearCart should clear all items" time="0.003">
    </testcase>
    <testcase classname="Cart Store Calculations should calculate subtotal correctly" name="Cart Store Calculations should calculate subtotal correctly" time="0.002">
    </testcase>
    <testcase classname="Cart Store Calculations should calculate tax (11%) correctly" name="Cart Store Calculations should calculate tax (11%) correctly" time="0.004">
    </testcase>
    <testcase classname="Cart Store Calculations should calculate total correctly" name="Cart Store Calculations should calculate total correctly" time="0.001">
    </testcase>
    <testcase classname="Cart Store Calculations should return 0 for empty cart" name="Cart Store Calculations should return 0 for empty cart" time="0.001">
    </testcase>
    <testcase classname="Cart Store getItemCount should count total items correctly" name="Cart Store getItemCount should count total items correctly" time="0.002">
    </testcase>
    <testcase classname="Cart Store getItemCount should count quantities correctly" name="Cart Store getItemCount should count quantities correctly" time="0.001">
    </testcase>
    <testcase classname="Cart Store setIsOpen should open and close the cart drawer" name="Cart Store setIsOpen should open and close the cart drawer" time="0.003">
    </testcase>
  </testsuite>
  <testsuite name="Storage Service" errors="0" failures="0" skipped="0" timestamp="2026-07-03T10:47:43" time="6.823" tests="7">
    <testcase classname="Storage Service isConfigured should return false when env vars are missing" name="Storage Service isConfigured should return false when env vars are missing" time="0.017">
    </testcase>
    <testcase classname="Storage Service isConfigured should return true when all env vars are set" name="Storage Service isConfigured should return true when all env vars are set" time="0.007">
    </testcase>
    <testcase classname="Storage Service generateProductImageKey should generate a product image key" name="Storage Service generateProductImageKey should generate a product image key" time="0.035">
    </testcase>
    <testcase classname="Storage Service generateProductImageKey should handle special characters in filename" name="Storage Service generateProductImageKey should handle special characters in filename" time="0.002">
    </testcase>
    <testcase classname="Storage Service generateProductImageKey should default to jpg extension" name="Storage Service generateProductImageKey should default to jpg extension" time="0.001">
    </testcase>
    <testcase classname="Storage Service uploadFile should throw when not configured" name="Storage Service uploadFile should throw when not configured" time="0.097">
    </testcase>
    <testcase classname="Storage Service deleteFile should throw when not configured" name="Storage Service deleteFile should throw when not configured" time="0.003">
    </testcase>
  </testsuite>
  <testsuite name="Currency Utilities" errors="0" failures="0" skipped="0" timestamp="2026-07-03T10:47:43" time="6.827" tests="18">
    <testcase classname="Currency Utilities formatPrice should format IDR price without decimals" name="Currency Utilities formatPrice should format IDR price without decimals" time="0.252">
    </testcase>
    <testcase classname="Currency Utilities formatPrice should format USD price with decimals" name="Currency Utilities formatPrice should format USD price with decimals" time="0.02">
    </testcase>
    <testcase classname="Currency Utilities formatPrice should default to IDR" name="Currency Utilities formatPrice should default to IDR" time="0.002">
    </testcase>
    <testcase classname="Currency Utilities formatPrice should handle zero" name="Currency Utilities formatPrice should handle zero" time="0.003">
    </testcase>
    <testcase classname="Currency Utilities formatPrice should handle large numbers" name="Currency Utilities formatPrice should handle large numbers" time="0.013">
    </testcase>
    <testcase classname="Currency Utilities convertCurrency should return same amount for same currency" name="Currency Utilities convertCurrency should return same amount for same currency" time="0.013">
    </testcase>
    <testcase classname="Currency Utilities convertCurrency should convert IDR to USD" name="Currency Utilities convertCurrency should convert IDR to USD" time="0.001">
    </testcase>
    <testcase classname="Currency Utilities convertCurrency should convert USD to IDR" name="Currency Utilities convertCurrency should convert USD to IDR" time="0.001">
    </testcase>
    <testcase classname="Currency Utilities convertCurrency should handle zero" name="Currency Utilities convertCurrency should handle zero" time="0.018">
    </testcase>
    <testcase classname="Currency Utilities getDualPrice should return primary IDR and secondary USD" name="Currency Utilities getDualPrice should return primary IDR and secondary USD" time="0.003">
    </testcase>
    <testcase classname="Currency Utilities getDualPrice should return primary USD and secondary IDR" name="Currency Utilities getDualPrice should return primary USD and secondary IDR" time="0.003">
    </testcase>
    <testcase classname="Currency Utilities parseCurrency should parse formatted IDR string" name="Currency Utilities parseCurrency should parse formatted IDR string" time="0.002">
    </testcase>
    <testcase classname="Currency Utilities parseCurrency should parse USD string" name="Currency Utilities parseCurrency should parse USD string" time="0.001">
    </testcase>
    <testcase classname="Currency Utilities parseCurrency should parse plain number" name="Currency Utilities parseCurrency should parse plain number" time="0.002">
    </testcase>
    <testcase classname="Currency Utilities parseCurrency should return 0 for invalid input" name="Currency Utilities parseCurrency should return 0 for invalid input" time="0.001">
    </testcase>
    <testcase classname="Currency Utilities parseCurrency should handle empty string" name="Currency Utilities parseCurrency should handle empty string" time="0.001">
    </testcase>
    <testcase classname="Currency Utilities CURRENCIES should have IDR config" name="Currency Utilities CURRENCIES should have IDR config" time="0.003">
    </testcase>
    <testcase classname="Currency Utilities CURRENCIES should have USD config" name="Currency Utilities CURRENCIES should have USD config" time="0.001">
    </testcase>
  </testsuite>
  <testsuite name="Payment Service" errors="0" failures="0" skipped="0" timestamp="2026-07-03T10:47:43" time="7.185" tests="2">
    <testcase classname="Payment Service fetches order items with product join when available" name="Payment Service fetches order items with product join when available" time="0.025">
    </testcase>
    <testcase classname="Payment Service falls back to plain order_item when product join fails" name="Payment Service falls back to plain order_item when product join fails" time="0.059">
    </testcase>
  </testsuite>
  <testsuite name="Error Utilities" errors="0" failures="0" skipped="0" timestamp="2026-07-03T10:47:50" time="1.077" tests="17">
    <testcase classname="Error Utilities AppError should create an error with status code and code" name="Error Utilities AppError should create an error with status code and code" time="0.005">
    </testcase>
    <testcase classname="Error Utilities AppError should be an instance of Error" name="Error Utilities AppError should be an instance of Error" time="0.001">
    </testcase>
    <testcase classname="Error Utilities NotFoundError should create a 404 error with resource name" name="Error Utilities NotFoundError should create a 404 error with resource name" time="0.001">
    </testcase>
    <testcase classname="Error Utilities NotFoundError should include resource ID in message" name="Error Utilities NotFoundError should include resource ID in message" time="0.003">
    </testcase>
    <testcase classname="Error Utilities ValidationError should create a 400 error with field errors" name="Error Utilities ValidationError should create a 400 error with field errors" time="0.007">
    </testcase>
    <testcase classname="Error Utilities ValidationError should create a 400 error with string message" name="Error Utilities ValidationError should create a 400 error with string message" time="0.002">
    </testcase>
    <testcase classname="Error Utilities UnauthorizedError should create a 401 error with default message" name="Error Utilities UnauthorizedError should create a 401 error with default message" time="0.005">
    </testcase>
    <testcase classname="Error Utilities UnauthorizedError should accept custom message" name="Error Utilities UnauthorizedError should accept custom message" time="0.001">
    </testcase>
    <testcase classname="Error Utilities ForbiddenError should create a 403 error" name="Error Utilities ForbiddenError should create a 403 error" time="0.002">
    </testcase>
    <testcase classname="Error Utilities ConflictError should create a 409 error" name="Error Utilities ConflictError should create a 409 error" time="0.001">
    </testcase>
    <testcase classname="Error Utilities RateLimitError should create a 429 error" name="Error Utilities RateLimitError should create a 429 error" time="0.002">
    </testcase>
    <testcase classname="Error Utilities successResponse should create a success response" name="Error Utilities successResponse should create a success response" time="0.002">
    </testcase>
    <testcase classname="Error Utilities successResponse should include meta when provided" name="Error Utilities successResponse should include meta when provided" time="0.001">
    </testcase>
    <testcase classname="Error Utilities errorResponse should create an error response" name="Error Utilities errorResponse should create an error response" time="0.001">
    </testcase>
    <testcase classname="Error Utilities errorResponse should include field errors for ValidationError" name="Error Utilities errorResponse should include field errors for ValidationError" time="0.001">
    </testcase>
    <testcase classname="Error Utilities buildMeta should build pagination meta" name="Error Utilities buildMeta should build pagination meta" time="0.001">
    </testcase>
    <testcase classname="Error Utilities buildMeta should handle zero total" name="Error Utilities buildMeta should handle zero total" time="0">
    </testcase>
  </testsuite>
  <testsuite name="i18n Utilities" errors="0" failures="0" skipped="0" timestamp="2026-07-03T10:47:50" time="1.073" tests="16">
    <testcase classname="i18n Utilities t() - Translation should translate a simple key in English" name="i18n Utilities t() - Translation should translate a simple key in English" time="0.003">
    </testcase>
    <testcase classname="i18n Utilities t() - Translation should translate a simple key in Indonesian" name="i18n Utilities t() - Translation should translate a simple key in Indonesian" time="0.001">
    </testcase>
    <testcase classname="i18n Utilities t() - Translation should translate nested keys" name="i18n Utilities t() - Translation should translate nested keys" time="0.002">
    </testcase>
    <testcase classname="i18n Utilities t() - Translation should fallback to English for missing Indonesian key" name="i18n Utilities t() - Translation should fallback to English for missing Indonesian key" time="0.001">
    </testcase>
    <testcase classname="i18n Utilities t() - Translation should return key path if not found" name="i18n Utilities t() - Translation should return key path if not found" time="0.001">
    </testcase>
    <testcase classname="i18n Utilities t() - Translation should use current locale if not specified" name="i18n Utilities t() - Translation should use current locale if not specified" time="0.002">
    </testcase>
    <testcase classname="i18n Utilities setLocale / getLocale should set and get locale" name="i18n Utilities setLocale / getLocale should set and get locale" time="0.002">
    </testcase>
    <testcase classname="i18n Utilities getTranslations should return all translations for a namespace" name="i18n Utilities getTranslations should return all translations for a namespace" time="0.002">
    </testcase>
    <testcase classname="i18n Utilities getTranslations should return Indonesian translations" name="i18n Utilities getTranslations should return Indonesian translations" time="0.001">
    </testcase>
    <testcase classname="i18n Utilities getTranslations should return empty object for invalid namespace" name="i18n Utilities getTranslations should return empty object for invalid namespace" time="0.003">
    </testcase>
    <testcase classname="i18n Utilities detectLocale should detect Indonesian from Accept-Language" name="i18n Utilities detectLocale should detect Indonesian from Accept-Language" time="0.001">
    </testcase>
    <testcase classname="i18n Utilities detectLocale should detect English as default" name="i18n Utilities detectLocale should detect English as default" time="0.001">
    </testcase>
    <testcase classname="i18n Utilities detectLocale should default to English for no header" name="i18n Utilities detectLocale should default to English for no header" time="0.001">
    </testcase>
    <testcase classname="i18n Utilities detectLocale should default to English for empty string" name="i18n Utilities detectLocale should default to English for empty string" time="0.001">
    </testcase>
    <testcase classname="i18n Utilities LOCALE_NAMES should have English name" name="i18n Utilities LOCALE_NAMES should have English name" time="0.001">
    </testcase>
    <testcase classname="i18n Utilities LOCALE_NAMES should have Indonesian name" name="i18n Utilities LOCALE_NAMES should have Indonesian name" time="0">
    </testcase>
  </testsuite>
  <testsuite name="Utility Functions" errors="0" failures="0" skipped="0" timestamp="2026-07-03T10:47:50" time="1.343" tests="20">
    <testcase classname="Utility Functions formatPrice should format IDR price" name="Utility Functions formatPrice should format IDR price" time="0.132">
    </testcase>
    <testcase classname="Utility Functions formatPrice should handle zero" name="Utility Functions formatPrice should handle zero" time="0.002">
    </testcase>
    <testcase classname="Utility Functions formatDate should format a date string" name="Utility Functions formatDate should format a date string" time="0.153">
    </testcase>
    <testcase classname="Utility Functions formatDate should format a Date object" name="Utility Functions formatDate should format a Date object" time="0.001">
    </testcase>
    <testcase classname="Utility Functions formatRelativeTime should return &apos;just now&apos; for recent dates" name="Utility Functions formatRelativeTime should return &apos;just now&apos; for recent dates" time="0.001">
    </testcase>
    <testcase classname="Utility Functions formatRelativeTime should return minutes ago" name="Utility Functions formatRelativeTime should return minutes ago" time="0.001">
    </testcase>
    <testcase classname="Utility Functions formatRelativeTime should return hours ago" name="Utility Functions formatRelativeTime should return hours ago" time="0.001">
    </testcase>
    <testcase classname="Utility Functions formatRelativeTime should return days ago" name="Utility Functions formatRelativeTime should return days ago" time="0.001">
    </testcase>
    <testcase classname="Utility Functions slugify should convert text to slug" name="Utility Functions slugify should convert text to slug" time="0.002">
    </testcase>
    <testcase classname="Utility Functions slugify should handle special characters" name="Utility Functions slugify should handle special characters" time="0.005">
    </testcase>
    <testcase classname="Utility Functions slugify should handle multiple spaces" name="Utility Functions slugify should handle multiple spaces" time="0.001">
    </testcase>
    <testcase classname="Utility Functions generateOrderNumber should generate order number with LZ prefix" name="Utility Functions generateOrderNumber should generate order number with LZ prefix" time="0.003">
    </testcase>
    <testcase classname="Utility Functions generateOrderNumber should generate unique order numbers" name="Utility Functions generateOrderNumber should generate unique order numbers" time="0.004">
    </testcase>
    <testcase classname="Utility Functions truncate should truncate long strings" name="Utility Functions truncate should truncate long strings" time="0.001">
    </testcase>
    <testcase classname="Utility Functions truncate should not truncate short strings" name="Utility Functions truncate should not truncate short strings" time="0">
    </testcase>
    <testcase classname="Utility Functions truncate should handle exact length" name="Utility Functions truncate should handle exact length" time="0.001">
    </testcase>
    <testcase classname="Utility Functions getInitials should return initials from name" name="Utility Functions getInitials should return initials from name" time="0.001">
    </testcase>
    <testcase classname="Utility Functions getInitials should handle single name" name="Utility Functions getInitials should handle single name" time="0.001">
    </testcase>
    <testcase classname="Utility Functions getInitials should limit to 2 characters" name="Utility Functions getInitials should limit to 2 characters" time="0.001">
    </testcase>
    <testcase classname="Utility Functions debounce should debounce function calls" name="Utility Functions debounce should debounce function calls" time="0.007">
    </testcase>
  </testsuite>
  <testsuite name="toSnake / toCamel conversion" errors="0" failures="0" skipped="0" timestamp="2026-07-03T10:47:43" time="9.055" tests="84">
    <testcase classname="toSnake / toCamel conversion toSnake converts camelCase keys to snake_case" name="toSnake / toCamel conversion toSnake converts camelCase keys to snake_case" time="0.011">
    </testcase>
    <testcase classname="toSnake / toCamel conversion toSnake passes through unknown keys unchanged" name="toSnake / toCamel conversion toSnake passes through unknown keys unchanged" time="0.001">
    </testcase>
    <testcase classname="toSnake / toCamel conversion toSnake skips undefined values" name="toSnake / toCamel conversion toSnake skips undefined values" time="0.001">
    </testcase>
    <testcase classname="toSnake / toCamel conversion toCamel converts snake_case keys to camelCase" name="toSnake / toCamel conversion toCamel converts snake_case keys to camelCase" time="0.002">
    </testcase>
    <testcase classname="toSnake / toCamel conversion toCamel converts unknown snake_case keys generically" name="toSnake / toCamel conversion toCamel converts unknown snake_case keys generically" time="0.002">
    </testcase>
    <testcase classname="toSnake / toCamel conversion toCamel converts nested objects recursively" name="toSnake / toCamel conversion toCamel converts nested objects recursively" time="0.001">
    </testcase>
    <testcase classname="toSnake / toCamel conversion toCamel handles arrays" name="toSnake / toCamel conversion toCamel handles arrays" time="0.001">
    </testcase>
    <testcase classname="toSnake / toCamel conversion CAMEL_TO_SNAKE has symmetric reverse mapping" name="toSnake / toCamel conversion CAMEL_TO_SNAKE has symmetric reverse mapping" time="0.015">
    </testcase>
    <testcase classname="buildFilters returns query unchanged when where is undefined" name="buildFilters returns query unchanged when where is undefined" time="0.002">
    </testcase>
    <testcase classname="buildFilters applies simple equality filter" name="buildFilters applies simple equality filter" time="0.002">
    </testcase>
    <testcase classname="buildFilters applies null filter with .is" name="buildFilters applies null filter with .is" time="0.003">
    </testcase>
    <testcase classname="buildFilters applies nested operator filters (gt, lt, gte, lte)" name="buildFilters applies nested operator filters (gt, lt, gte, lte)" time="0.002">
    </testcase>
    <testcase classname="buildFilters applies contains filter with ilike" name="buildFilters applies contains filter with ilike" time="0.001">
    </testcase>
    <testcase classname="buildFilters applies startsWith filter with ilike" name="buildFilters applies startsWith filter with ilike" time="0.002">
    </testcase>
    <testcase classname="buildFilters applies endsWith filter with ilike" name="buildFilters applies endsWith filter with ilike" time="0.002">
    </testcase>
    <testcase classname="buildFilters applies in filter with array value" name="buildFilters applies in filter with array value" time="0.002">
    </testcase>
    <testcase classname="buildFilters applies notIn filter" name="buildFilters applies notIn filter" time="0.003">
    </testcase>
    <testcase classname="buildFilters applies equals filter" name="buildFilters applies equals filter" time="0.002">
    </testcase>
    <testcase classname="buildFilters applies not (neq) filter" name="buildFilters applies not (neq) filter" time="0.001">
    </testcase>
    <testcase classname="buildFilters skips reserved keys OR, AND, NOT" name="buildFilters skips reserved keys OR, AND, NOT" time="0.003">
    </testcase>
    <testcase classname="buildFilters handles OR conditions" name="buildFilters handles OR conditions" time="0.003">
    </testcase>
    <testcase classname="buildFilters handles OR with contains operator" name="buildFilters handles OR with contains operator" time="0.001">
    </testcase>
    <testcase classname="buildFilters handles multiple where keys" name="buildFilters handles multiple where keys" time="0.002">
    </testcase>
    <testcase classname="buildFilters skips OR when array is empty" name="buildFilters skips OR when array is empty" time="0.001">
    </testcase>
    <testcase classname="applySimpleFilter calls .is for null values" name="applySimpleFilter calls .is for null values" time="0.002">
    </testcase>
    <testcase classname="applySimpleFilter calls .is for undefined values" name="applySimpleFilter calls .is for undefined values" time="0.002">
    </testcase>
    <testcase classname="applySimpleFilter calls .in for array values" name="applySimpleFilter calls .in for array values" time="0.002">
    </testcase>
    <testcase classname="applySimpleFilter calls .eq for plain values" name="applySimpleFilter calls .eq for plain values" time="0.002">
    </testcase>
    <testcase classname="applySimpleFilter calls .gte for gte operator" name="applySimpleFilter calls .gte for gte operator" time="0.002">
    </testcase>
    <testcase classname="applySimpleFilter calls .lt for lt operator" name="applySimpleFilter calls .lt for lt operator" time="0.002">
    </testcase>
    <testcase classname="buildSelectString returns * when no select or include" name="buildSelectString returns * when no select or include" time="0.002">
    </testcase>
    <testcase classname="buildSelectString maps select keys to snake_case" name="buildSelectString maps select keys to snake_case" time="0.001">
    </testcase>
    <testcase classname="buildSelectString handles _count in select" name="buildSelectString handles _count in select" time="0.001">
    </testcase>
    <testcase classname="buildSelectString handles _count in include" name="buildSelectString handles _count in include" time="0.002">
    </testcase>
    <testcase classname="buildSelectString handles empty select" name="buildSelectString handles empty select" time="0.001">
    </testcase>
    <testcase classname="findRelation finds relation for known model and key" name="findRelation finds relation for known model and key" time="0.002">
    </testcase>
    <testcase classname="findRelation finds many relation" name="findRelation finds many relation" time="0.001">
    </testcase>
    <testcase classname="findRelation returns null for unknown model" name="findRelation returns null for unknown model" time="0.001">
    </testcase>
    <testcase classname="findRelation returns null for unknown relation key" name="findRelation returns null for unknown relation key" time="0.001">
    </testcase>
    <testcase classname="findRelation returns null for model without relations" name="findRelation returns null for model without relations" time="0.001">
    </testcase>
    <testcase classname="findModelName maps table name to model name" name="findModelName maps table name to model name" time="0.002">
    </testcase>
    <testcase classname="findModelName returns null for unknown table" name="findModelName returns null for unknown table" time="0.002">
    </testcase>
    <testcase classname="findModelName MODEL_TO_TABLE has all 25 models" name="findModelName MODEL_TO_TABLE has all 25 models" time="0.001">
    </testcase>
    <testcase classname="SupabaseModel findMany basic query with no options" name="SupabaseModel findMany basic query with no options" time="0.003">
    </testcase>
    <testcase classname="SupabaseModel findMany applies where filters" name="SupabaseModel findMany applies where filters" time="0.001">
    </testcase>
    <testcase classname="SupabaseModel findMany applies orderBy" name="SupabaseModel findMany applies orderBy" time="0.002">
    </testcase>
    <testcase classname="SupabaseModel findMany applies skip and take" name="SupabaseModel findMany applies skip and take" time="0.002">
    </testcase>
    <testcase classname="SupabaseModel findMany throws on error" name="SupabaseModel findMany throws on error" time="0.049">
    </testcase>
    <testcase classname="SupabaseModel findMany handles contains filter" name="SupabaseModel findMany handles contains filter" time="0.002">
    </testcase>
    <testcase classname="SupabaseModel findMany handles _count in include" name="SupabaseModel findMany handles _count in include" time="0.005">
    </testcase>
    <testcase classname="SupabaseModel findUnique returns null for empty where" name="SupabaseModel findUnique returns null for empty where" time="0.001">
    </testcase>
    <testcase classname="SupabaseModel findUnique finds by slug" name="SupabaseModel findUnique finds by slug" time="0.002">
    </testcase>
    <testcase classname="SupabaseModel findUnique returns null when not found" name="SupabaseModel findUnique returns null when not found" time="0.001">
    </testcase>
    <testcase classname="SupabaseModel findFirst returns first result" name="SupabaseModel findFirst returns first result" time="0.003">
    </testcase>
    <testcase classname="SupabaseModel findFirst returns null when empty" name="SupabaseModel findFirst returns null when empty" time="0.002">
    </testcase>
    <testcase classname="SupabaseModel createMany creates multiple records" name="SupabaseModel createMany creates multiple records" time="0.003">
    </testcase>
    <testcase classname="SupabaseModel createMany auto-generates IDs when not provided" name="SupabaseModel createMany auto-generates IDs when not provided" time="0.002">
    </testcase>
    <testcase classname="SupabaseModel createMany throws on error" name="SupabaseModel createMany throws on error" time="0.003">
    </testcase>
    <testcase classname="SupabaseModel updateMany updates multiple records" name="SupabaseModel updateMany updates multiple records" time="0.002">
    </testcase>
    <testcase classname="SupabaseModel updateMany returns 0 when data is empty/null" name="SupabaseModel updateMany returns 0 when data is empty/null" time="0.001">
    </testcase>
    <testcase classname="SupabaseModel updateMany throws on error" name="SupabaseModel updateMany throws on error" time="0.002">
    </testcase>
    <testcase classname="SupabaseModel deleteMany deletes multiple records" name="SupabaseModel deleteMany deletes multiple records" time="0.002">
    </testcase>
    <testcase classname="SupabaseModel deleteMany deletes all when no where clause" name="SupabaseModel deleteMany deletes all when no where clause" time="0.002">
    </testcase>
    <testcase classname="SupabaseModel deleteMany throws on error" name="SupabaseModel deleteMany throws on error" time="0.001">
    </testcase>
    <testcase classname="SupabaseModel create creates a record with timestamps" name="SupabaseModel create creates a record with timestamps" time="0.007">
    </testcase>
    <testcase classname="SupabaseModel create throws on error" name="SupabaseModel create throws on error" time="0.004">
    </testcase>
    <testcase classname="SupabaseModel update updates and returns the record" name="SupabaseModel update updates and returns the record" time="0.002">
    </testcase>
    <testcase classname="SupabaseModel update throws without where" name="SupabaseModel update throws without where" time="0.161">
    </testcase>
    <testcase classname="SupabaseModel upsert updates when record exists" name="SupabaseModel upsert updates when record exists" time="0.003">
    </testcase>
    <testcase classname="SupabaseModel upsert creates when record does not exist" name="SupabaseModel upsert creates when record does not exist" time="0.002">
    </testcase>
    <testcase classname="SupabaseModel delete deletes record" name="SupabaseModel delete deletes record" time="0.002">
    </testcase>
    <testcase classname="SupabaseModel delete throws without where" name="SupabaseModel delete throws without where" time="0.002">
    </testcase>
    <testcase classname="SupabaseModel count returns count" name="SupabaseModel count returns count" time="0.003">
    </testcase>
    <testcase classname="SupabaseModel count returns 0 on null count" name="SupabaseModel count returns 0 on null count" time="0.002">
    </testcase>
    <testcase classname="SupabaseModel aggregate returns _count and _sum" name="SupabaseModel aggregate returns _count and _sum" time="0.003">
    </testcase>
    <testcase classname="SupabaseModel aggregate returns _avg, _min, _max" name="SupabaseModel aggregate returns _avg, _min, _max" time="0.002">
    </testcase>
    <testcase classname="SupabaseModel groupBy groups by field with _count and _sum" name="SupabaseModel groupBy groups by field with _count and _sum" time="0.005">
    </testcase>
    <testcase classname="prisma instance has all 23 model accessors" name="prisma instance has all 23 model accessors" time="0.005">
    </testcase>
    <testcase classname="prisma instance has $transaction, $queryRaw, $disconnect methods" name="prisma instance has $transaction, $queryRaw, $disconnect methods" time="0.001">
    </testcase>
    <testcase classname="$transaction executes callback with prisma" name="$transaction executes callback with prisma" time="0.002">
    </testcase>
    <testcase classname="$transaction executes array of operations sequentially" name="$transaction executes array of operations sequentially" time="0">
    </testcase>
    <testcase classname="$queryRaw handles SELECT 1 for health check" name="$queryRaw handles SELECT 1 for health check" time="0.001">
    </testcase>
    <testcase classname="$queryRaw handles string argument for SELECT 1" name="$queryRaw handles string argument for SELECT 1" time="0.001">
    </testcase>
    <testcase classname="$queryRaw falls back to empty array on error" name="$queryRaw falls back to empty array on error" time="0.003">
    </testcase>
  </testsuite>
  <testsuite name="Auth Utilities" errors="0" failures="0" skipped="0" timestamp="2026-07-03T10:47:43" time="9.786" tests="32">
    <testcase classname="Auth Utilities JWT Signing and Verification should sign and verify a valid JWT" name="Auth Utilities JWT Signing and Verification should sign and verify a valid JWT" time="0.046">
    </testcase>
    <testcase classname="Auth Utilities JWT Signing and Verification should include storeId when provided" name="Auth Utilities JWT Signing and Verification should include storeId when provided" time="0.001">
    </testcase>
    <testcase classname="Auth Utilities JWT Signing and Verification should return null for invalid token" name="Auth Utilities JWT Signing and Verification should return null for invalid token" time="0.001">
    </testcase>
    <testcase classname="Auth Utilities JWT Signing and Verification should return null for tampered token" name="Auth Utilities JWT Signing and Verification should return null for tampered token" time="0.002">
    </testcase>
    <testcase classname="Auth Utilities JWT Signing and Verification should return null for empty string" name="Auth Utilities JWT Signing and Verification should return null for empty string" time="0.001">
    </testcase>
    <testcase classname="Auth Utilities JWT Signing and Verification should return null for malformed token (2 parts)" name="Auth Utilities JWT Signing and Verification should return null for malformed token (2 parts)" time="0.001">
    </testcase>
    <testcase classname="Auth Utilities JWT Signing and Verification should return null for malformed token (4+ parts)" name="Auth Utilities JWT Signing and Verification should return null for malformed token (4+ parts)" time="0.001">
    </testcase>
    <testcase classname="Auth Utilities JWT Signing and Verification should return null for tokens with invalid JSON in body" name="Auth Utilities JWT Signing and Verification should return null for tokens with invalid JSON in body" time="0.002">
    </testcase>
    <testcase classname="Auth Utilities JWT Signing and Verification should return null for expired token" name="Auth Utilities JWT Signing and Verification should return null for expired token" time="0.008">
    </testcase>
    <testcase classname="Auth Utilities JWT Signing and Verification should produce different tokens for different payloads" name="Auth Utilities JWT Signing and Verification should produce different tokens for different payloads" time="0.005">
    </testcase>
    <testcase classname="Auth Utilities JWT Signing and Verification should produce different tokens for same payload (different iat)" name="Auth Utilities JWT Signing and Verification should produce different tokens for same payload (different iat)" time="0.007">
    </testcase>
    <testcase classname="Auth Utilities JWT Signing and Verification should handle special characters in payload" name="Auth Utilities JWT Signing and Verification should handle special characters in payload" time="0.003">
    </testcase>
    <testcase classname="Auth Utilities Password Hashing should hash a password" name="Auth Utilities Password Hashing should hash a password" time="0.413">
    </testcase>
    <testcase classname="Auth Utilities Password Hashing should verify a correct password" name="Auth Utilities Password Hashing should verify a correct password" time="0.618">
    </testcase>
    <testcase classname="Auth Utilities Password Hashing should reject an incorrect password" name="Auth Utilities Password Hashing should reject an incorrect password" time="0.509">
    </testcase>
    <testcase classname="Auth Utilities Password Hashing should produce different hashes for same password (different salts)" name="Auth Utilities Password Hashing should produce different hashes for same password (different salts)" time="0.672">
    </testcase>
    <testcase classname="Auth Utilities Password Hashing should handle empty password" name="Auth Utilities Password Hashing should handle empty password" time="0.283">
    </testcase>
    <testcase classname="Auth Utilities Password Hashing should handle very long passwords" name="Auth Utilities Password Hashing should handle very long passwords" time="0.268">
    </testcase>
    <testcase classname="Auth Utilities Password Hashing should handle unicode passwords" name="Auth Utilities Password Hashing should handle unicode passwords" time="0.222">
    </testcase>
    <testcase classname="Auth Utilities Refresh Token should generate a random refresh token" name="Auth Utilities Refresh Token should generate a random refresh token" time="0.001">
    </testcase>
    <testcase classname="Auth Utilities Refresh Token should always generate unique tokens" name="Auth Utilities Refresh Token should always generate unique tokens" time="0.003">
    </testcase>
    <testcase classname="Auth Utilities Refresh Token should only contain hex characters" name="Auth Utilities Refresh Token should only contain hex characters" time="0.001">
    </testcase>
    <testcase classname="Auth Utilities extractTokenFromHeader should extract token from Bearer header" name="Auth Utilities extractTokenFromHeader should extract token from Bearer header" time="0.001">
    </testcase>
    <testcase classname="Auth Utilities extractTokenFromHeader should return null for missing header" name="Auth Utilities extractTokenFromHeader should return null for missing header" time="0.001">
    </testcase>
    <testcase classname="Auth Utilities extractTokenFromHeader should return null for non-Bearer header" name="Auth Utilities extractTokenFromHeader should return null for non-Bearer header" time="0.001">
    </testcase>
    <testcase classname="Auth Utilities extractTokenFromHeader should return null for malformed header (no token)" name="Auth Utilities extractTokenFromHeader should return null for malformed header (no token)" time="0">
    </testcase>
    <testcase classname="Auth Utilities extractTokenFromHeader should return null for empty string" name="Auth Utilities extractTokenFromHeader should return null for empty string" time="0.001">
    </testcase>
    <testcase classname="Auth Utilities extractTokenFromHeader should extract token with special characters" name="Auth Utilities extractTokenFromHeader should extract token with special characters" time="0.001">
    </testcase>
    <testcase classname="Auth Utilities extractTokenFromHeader should handle multiple spaces gracefully" name="Auth Utilities extractTokenFromHeader should handle multiple spaces gracefully" time="0.001">
    </testcase>
    <testcase classname="Auth Utilities extractTokenFromHeader should handle lowercase bearer" name="Auth Utilities extractTokenFromHeader should handle lowercase bearer" time="0">
    </testcase>
    <testcase classname="Auth Utilities Security Edge Cases should not accept tokens with null algorithm" name="Auth Utilities Security Edge Cases should not accept tokens with null algorithm" time="0">
    </testcase>
    <testcase classname="Auth Utilities Security Edge Cases should detect signature tampering in payload section" name="Auth Utilities Security Edge Cases should detect signature tampering in payload section" time="0.001">
    </testcase>
  </testsuite>
  <testsuite name="Notification Service" errors="0" failures="0" skipped="0" timestamp="2026-07-03T10:47:43" time="27.908" tests="21">
    <testcase classname="Notification Service sendNotification should send a Telegram notification successfully" name="Notification Service sendNotification should send a Telegram notification successfully" time="0.031">
    </testcase>
    <testcase classname="Notification Service sendNotification should send a Discord notification successfully" name="Notification Service sendNotification should send a Discord notification successfully" time="0.006">
    </testcase>
    <testcase classname="Notification Service sendNotification should send a WhatsApp notification successfully" name="Notification Service sendNotification should send a WhatsApp notification successfully" time="0.004">
    </testcase>
    <testcase classname="Notification Service sendNotification should send an email notification successfully (mock)" name="Notification Service sendNotification should send an email notification successfully (mock)" time="0.049">
    </testcase>
    <testcase classname="Notification Service sendNotification should handle Telegram API failure gracefully" name="Notification Service sendNotification should handle Telegram API failure gracefully" time="3.068">
    </testcase>
    <testcase classname="Notification Service sendNotification should retry on failure" name="Notification Service sendNotification should retry on failure" time="3.027">
    </testcase>
    <testcase classname="Notification Service sendNotification should handle missing Telegram credentials" name="Notification Service sendNotification should handle missing Telegram credentials" time="3.028">
    </testcase>
    <testcase classname="Notification Service sendNotification should handle missing Discord webhook URL" name="Notification Service sendNotification should handle missing Discord webhook URL" time="3.025">
    </testcase>
    <testcase classname="Notification Service sendNotification should handle missing WhatsApp credentials" name="Notification Service sendNotification should handle missing WhatsApp credentials" time="3.012">
    </testcase>
    <testcase classname="Notification Service Rate Limiting should respect rate limits" name="Notification Service Rate Limiting should respect rate limits" time="0.002">
    </testcase>
    <testcase classname="Notification Service notifyNewOrder should send notifications via Telegram and Discord" name="Notification Service notifyNewOrder should send notifications via Telegram and Discord" time="0.051">
    </testcase>
    <testcase classname="Notification Service notifyNewOrder should handle partial notification failures" name="Notification Service notifyNewOrder should handle partial notification failures" time="1.01">
    </testcase>
    <testcase classname="Notification Service notifyNewOrder should handle all notifications failing" name="Notification Service notifyNewOrder should handle all notifications failing" time="3.015">
    </testcase>
    <testcase classname="Notification Service notifyOrderStatusChange should send WhatsApp notification when phone is provided" name="Notification Service notifyOrderStatusChange should send WhatsApp notification when phone is provided" time="0.002">
    </testcase>
    <testcase classname="Notification Service notifyOrderStatusChange should return null when no phone is provided" name="Notification Service notifyOrderStatusChange should return null when no phone is provided" time="0.001">
    </testcase>
    <testcase classname="Notification Service notifyOrderStatusChange should handle unknown status gracefully" name="Notification Service notifyOrderStatusChange should handle unknown status gracefully" time="0.001">
    </testcase>
    <testcase classname="Notification Service notifyLowStock should send low stock notification" name="Notification Service notifyLowStock should send low stock notification" time="0.002">
    </testcase>
    <testcase classname="Notification Service notifyLowStock should send out-of-stock notification with urgent priority" name="Notification Service notifyLowStock should send out-of-stock notification with urgent priority" time="0.001">
    </testcase>
    <testcase classname="Notification Service notifyDailyReport should send daily report without throwing" name="Notification Service notifyDailyReport should send daily report without throwing" time="0.002">
    </testcase>
    <testcase classname="Notification Service notifyDailyReport should handle report failure without throwing" name="Notification Service notifyDailyReport should handle report failure without throwing" time="3.022">
    </testcase>
    <testcase classname="Notification Service notificationService object should export all notification functions" name="Notification Service notificationService object should export all notification functions" time="0.001">
    </testcase>
  </testsuite>
</testsuites>